<?xml version="1.0" encoding="UTF-8"?>
<testsuite xmlns:xsi="http://www.w3.org/2001/XMLSchema-instance" xsi:noNamespaceSchemaLocation="https://maven.apache.org/surefire/maven-surefire-plugin/xsd/surefire-test-report.xsd" name="org.bjh.WorkerDockerTest" time="23.825" tests="1" errors="0" skipped="0" failures="0">
  <properties>
    <property name="awt.toolkit" value="sun.awt.X11.XToolkit"/>
    <property name="file.encoding.pkg" value="sun.io"/>
    <property name="java.specification.version" value="1.8"/>
    <property name="sun.cpu.isalist" value=""/>
    <property name="sun.jnu.encoding" value="UTF-8"/>
    <property name="java.class.path" value="/usr/share/maven/boot/plexus-classworlds-2.5.2.jar"/>
    <property name="java.vm.vendor" value="Oracle Corporation"/>
    <property name="sun.arch.data.model" value="64"/>
    <property name="kotlin.incremental.compilation" value="false"/>
    <property name="java.vendor.url" value="http://java.oracle.com/"/>
    <property name="user.timezone" value="Etc/UTC"/>
    <property name="maven.conf" value="/usr/share/maven/conf"/>
    <property name="os.name" value="Linux"/>
    <property name="java.vm.specification.version" value="1.8"/>
    <property name="sun.java.launcher" value="SUN_STANDARD"/>
    <property name="sun.boot.library.path" value="/usr/lib/jvm/java-8-openjdk-amd64/jre/lib/amd64"/>
    <property name="sun.java.command" value="org.codehaus.plexus.classworlds.launcher.Launcher test -X -e"/>
    <property name="maven.home" value="/usr/share/maven"/>
    <property name="surefire.test.class.path" value="/home/kleppa/dev/enterprise/PG6100-exam/backend/chat/target/test-classes:/home/kleppa/dev/enterprise/PG6100-exam/backend/chat/target/classes:/root/.m2/repository/org/springframework/boot/spring-boot-starter-actuator/2.0.6.RELEASE/spring-boot-starter-actuator-2.0.6.RELEASE.jar:/root/.m2/repository/org/springframework/boot/spring-boot-starter/2.0.6.RELEASE/spring-boot-starter-2.0.6.RELEASE.jar:/root/.m2/repository/org/springframework/boot/spring-boot-starter-logging/2.0.6.RELEASE/spring-boot-starter-logging-2.0.6.RELEASE.jar:/root/.m2/repository/org/apache/logging/log4j/log4j-to-slf4j/2.10.0/log4j-to-slf4j-2.10.0.jar:/root/.m2/repository/org/apache/logging/log4j/log4j-api/2.10.0/log4j-api-2.10.0.jar:/root/.m2/repository/org/slf4j/jul-to-slf4j/1.7.25/jul-to-slf4j-1.7.25.jar:/root/.m2/repository/org/yaml/snakeyaml/1.19/snakeyaml-1.19.jar:/root/.m2/repository/org/springframework/boot/spring-boot-actuator-autoconfigure/2.0.6.RELEASE/spring-boot-actuator-autoconfigure-2.0.6.RELEASE.jar:/root/.m2/repository/org/springframework/boot/spring-boot-actuator/2.0.6.RELEASE/spring-boot-actuator-2.0.6.RELEASE.jar:/root/.m2/repository/org/springframework/spring-context/5.0.10.RELEASE/spring-context-5.0.10.RELEASE.jar:/root/.m2/repository/io/micrometer/micrometer-core/1.0.7/micrometer-core-1.0.7.jar:/root/.m2/repository/org/hdrhistogram/HdrHistogram/2.1.10/HdrHistogram-2.1.10.jar:/root/.m2/repository/org/latencyutils/LatencyUtils/2.0.3/LatencyUtils-2.0.3.jar:/root/.m2/repository/ch/qos/logback/logback-classic/1.2.3/logback-classic-1.2.3.jar:/root/.m2/repository/ch/qos/logback/logback-core/1.2.3/logback-core-1.2.3.jar:/root/.m2/repository/org/slf4j/slf4j-api/1.7.25/slf4j-api-1.7.25.jar:/root/.m2/repository/org/slf4j/jcl-over-slf4j/1.7.25/jcl-over-slf4j-1.7.25.jar:/root/.m2/repository/com/github/fridujo/rabbitmq-mock/1.0.8/rabbitmq-mock-1.0.8.jar:/root/.m2/repository/org/testcontainers/testcontainers/1.10.2/testcontainers-1.10.2.jar:/root/.m2/repository/org/slf4j/slf4j-ext/1.7.25/slf4j-ext-1.7.25.jar:/root/.m2/repository/org/jetbrains/annotations/15.0/annotations-15.0.jar:/root/.m2/repository/javax/annotation/javax.annotation-api/1.3.2/javax.annotation-api-1.3.2.jar:/root/.m2/repository/org/apache/commons/commons-compress/1.18/commons-compress-1.18.jar:/root/.m2/repository/javax/xml/bind/jaxb-api/2.3.1/jaxb-api-2.3.1.jar:/root/.m2/repository/javax/activation/javax.activation-api/1.2.0/javax.activation-api-1.2.0.jar:/root/.m2/repository/org/rnorth/duct-tape/duct-tape/1.0.7/duct-tape-1.0.7.jar:/root/.m2/repository/org/rnorth/visible-assertions/visible-assertions/2.1.1/visible-assertions-2.1.1.jar:/root/.m2/repository/net/java/dev/jna/jna/4.5.2/jna-4.5.2.jar:/root/.m2/repository/org/rnorth/tcp-unix-socket-proxy/1.0.2/tcp-unix-socket-proxy-1.0.2.jar:/root/.m2/repository/com/kohlschutter/junixsocket/junixsocket-native-common/2.0.4/junixsocket-native-common-2.0.4.jar:/root/.m2/repository/org/scijava/native-lib-loader/2.0.2/native-lib-loader-2.0.2.jar:/root/.m2/repository/com/kohlschutter/junixsocket/junixsocket-common/2.0.4/junixsocket-common-2.0.4.jar:/root/.m2/repository/net/java/dev/jna/jna-platform/4.5.2/jna-platform-4.5.2.jar:/root/.m2/repository/org/jetbrains/kotlin/kotlin-stdlib/1.2.51/kotlin-stdlib-1.2.51.jar:/root/.m2/repository/org/jetbrains/kotlin/kotlin-stdlib-common/1.2.51/kotlin-stdlib-common-1.2.51.jar:/root/.m2/repository/org/jetbrains/kotlin/kotlin-test-junit/1.2.51/kotlin-test-junit-1.2.51.jar:/root/.m2/repository/org/jetbrains/kotlin/kotlin-test-annotations-common/1.2.51/kotlin-test-annotations-common-1.2.51.jar:/root/.m2/repository/org/jetbrains/kotlin/kotlin-test/1.2.51/kotlin-test-1.2.51.jar:/root/.m2/repository/org/jetbrains/kotlin/kotlin-test-common/1.2.51/kotlin-test-common-1.2.51.jar:/root/.m2/repository/org/jetbrains/kotlin/kotlin-stdlib-jdk8/1.2.50/kotlin-stdlib-jdk8-1.2.50.jar:/root/.m2/repository/org/jetbrains/kotlin/kotlin-stdlib-jdk7/1.2.51/kotlin-stdlib-jdk7-1.2.51.jar:/root/.m2/repository/org/jetbrains/kotlin/kotlin-reflect/1.2.50/kotlin-reflect-1.2.50.jar:/root/.m2/repository/org/springframework/boot/spring-boot-starter-web/2.0.6.RELEASE/spring-boot-starter-web-2.0.6.RELEASE.jar:/root/.m2/repository/org/springframework/boot/spring-boot-starter-json/2.0.6.RELEASE/spring-boot-starter-json-2.0.6.RELEASE.jar:/root/.m2/repository/com/fasterxml/jackson/datatype/jackson-datatype-jdk8/2.9.7/jackson-datatype-jdk8-2.9.7.jar:/root/.m2/repository/com/fasterxml/jackson/module/jackson-module-parameter-names/2.9.7/jackson-module-parameter-names-2.9.7.jar:/root/.m2/repository/org/springframework/boot/spring-boot-starter-tomcat/2.0.6.RELEASE/spring-boot-starter-tomcat-2.0.6.RELEASE.jar:/root/.m2/repository/org/apache/tomcat/embed/tomcat-embed-core/8.5.34/tomcat-embed-core-8.5.34.jar:/root/.m2/repository/org/apache/tomcat/embed/tomcat-embed-el/8.5.34/tomcat-embed-el-8.5.34.jar:/root/.m2/repository/org/apache/tomcat/embed/tomcat-embed-websocket/8.5.34/tomcat-embed-websocket-8.5.34.jar:/root/.m2/repository/org/hibernate/validator/hibernate-validator/6.0.13.Final/hibernate-validator-6.0.13.Final.jar:/root/.m2/repository/javax/validation/validation-api/2.0.1.Final/validation-api-2.0.1.Final.jar:/root/.m2/repository/org/springframework/spring-web/5.0.10.RELEASE/spring-web-5.0.10.RELEASE.jar:/root/.m2/repository/org/springframework/spring-beans/5.0.10.RELEASE/spring-beans-5.0.10.RELEASE.jar:/root/.m2/repository/org/springframework/spring-webmvc/5.0.10.RELEASE/spring-webmvc-5.0.10.RELEASE.jar:/root/.m2/repository/org/springframework/spring-aop/5.0.10.RELEASE/spring-aop-5.0.10.RELEASE.jar:/root/.m2/repository/org/springframework/spring-expression/5.0.10.RELEASE/spring-expression-5.0.10.RELEASE.jar:/root/.m2/repository/io/springfox/springfox-swagger2/2.9.2/springfox-swagger2-2.9.2.jar:/root/.m2/repository/io/swagger/swagger-annotations/1.5.20/swagger-annotations-1.5.20.jar:/root/.m2/repository/io/swagger/swagger-models/1.5.20/swagger-models-1.5.20.jar:/root/.m2/repository/io/springfox/springfox-spi/2.9.2/springfox-spi-2.9.2.jar:/root/.m2/repository/io/springfox/springfox-core/2.9.2/springfox-core-2.9.2.jar:/root/.m2/repository/io/springfox/springfox-schema/2.9.2/springfox-schema-2.9.2.jar:/root/.m2/repository/io/springfox/springfox-swagger-common/2.9.2/springfox-swagger-common-2.9.2.jar:/root/.m2/repository/com/google/guava/guava/20.0/guava-20.0.jar:/root/.m2/repository/com/fasterxml/classmate/1.3.4/classmate-1.3.4.jar:/root/.m2/repository/org/springframework/plugin/spring-plugin-core/1.2.0.RELEASE/spring-plugin-core-1.2.0.RELEASE.jar:/root/.m2/repository/org/springframework/plugin/spring-plugin-metadata/1.2.0.RELEASE/spring-plugin-metadata-1.2.0.RELEASE.jar:/root/.m2/repository/org/mapstruct/mapstruct/1.2.0.Final/mapstruct-1.2.0.Final.jar:/root/.m2/repository/io/springfox/springfox-swagger-ui/2.9.2/springfox-swagger-ui-2.9.2.jar:/root/.m2/repository/io/springfox/springfox-spring-web/2.9.2/springfox-spring-web-2.9.2.jar:/root/.m2/repository/com/fasterxml/jackson/datatype/jackson-datatype-jsr310/2.8.9/jackson-datatype-jsr310-2.8.9.jar:/root/.m2/repository/com/fasterxml/jackson/core/jackson-annotations/2.9.0/jackson-annotations-2.9.0.jar:/root/.m2/repository/com/fasterxml/jackson/core/jackson-core/2.9.7/jackson-core-2.9.7.jar:/root/.m2/repository/com/fasterxml/jackson/core/jackson-databind/2.9.7/jackson-databind-2.9.7.jar:/root/.m2/repository/org/springframework/boot/spring-boot-starter-test/2.0.6.RELEASE/spring-boot-starter-test-2.0.6.RELEASE.jar:/root/.m2/repository/org/springframework/boot/spring-boot-test/2.0.6.RELEASE/spring-boot-test-2.0.6.RELEASE.jar:/root/.m2/repository/org/springframework/boot/spring-boot-test-autoconfigure/2.0.6.RELEASE/spring-boot-test-autoconfigure-2.0.6.RELEASE.jar:/root/.m2/repository/com/jayway/jsonpath/json-path/2.4.0/json-path-2.4.0.jar:/root/.m2/repository/net/minidev/json-smart/2.3/json-smart-2.3.jar:/root/.m2/repository/net/minidev/accessors-smart/1.2/accessors-smart-1.2.jar:/root/.m2/repository/org/assertj/assertj-core/3.9.1/assertj-core-3.9.1.jar:/root/.m2/repository/org/mockito/mockito-core/2.15.0/mockito-core-2.15.0.jar:/root/.m2/repository/net/bytebuddy/byte-buddy/1.7.11/byte-buddy-1.7.11.jar:/root/.m2/repository/net/bytebuddy/byte-buddy-agent/1.7.11/byte-buddy-agent-1.7.11.jar:/root/.m2/repository/org/objenesis/objenesis/2.6/objenesis-2.6.jar:/root/.m2/repository/org/hamcrest/hamcrest-core/1.3/hamcrest-core-1.3.jar:/root/.m2/repository/org/hamcrest/hamcrest-library/1.3/hamcrest-library-1.3.jar:/root/.m2/repository/org/skyscreamer/jsonassert/1.5.0/jsonassert-1.5.0.jar:/root/.m2/repository/com/vaadin/external/google/android-json/0.0.20131108.vaadin1/android-json-0.0.20131108.vaadin1.jar:/root/.m2/repository/org/springframework/spring-core/5.0.10.RELEASE/spring-core-5.0.10.RELEASE.jar:/root/.m2/repository/org/springframework/spring-jcl/5.0.10.RELEASE/spring-jcl-5.0.10.RELEASE.jar:/root/.m2/repository/org/springframework/spring-test/5.0.10.RELEASE/spring-test-5.0.10.RELEASE.jar:/root/.m2/repository/org/xmlunit/xmlunit-core/2.5.1/xmlunit-core-2.5.1.jar:/root/.m2/repository/junit/junit/4.12/junit-4.12.jar:/root/.m2/repository/io/rest-assured/rest-assured/3.0.7/rest-assured-3.0.7.jar:/root/.m2/repository/org/codehaus/groovy/groovy/2.4.15/groovy-2.4.15.jar:/root/.m2/repository/org/codehaus/groovy/groovy-xml/2.4.15/groovy-xml-2.4.15.jar:/root/.m2/repository/org/apache/httpcomponents/httpclient/4.5.6/httpclient-4.5.6.jar:/root/.m2/repository/org/apache/httpcomponents/httpcore/4.4.10/httpcore-4.4.10.jar:/root/.m2/repository/commons-codec/commons-codec/1.11/commons-codec-1.11.jar:/root/.m2/repository/org/apache/httpcomponents/httpmime/4.5.6/httpmime-4.5.6.jar:/root/.m2/repository/org/ccil/cowan/tagsoup/tagsoup/1.2.1/tagsoup-1.2.1.jar:/root/.m2/repository/io/rest-assured/json-path/3.0.7/json-path-3.0.7.jar:/root/.m2/repository/org/codehaus/groovy/groovy-json/2.4.15/groovy-json-2.4.15.jar:/root/.m2/repository/io/rest-assured/rest-assured-common/3.0.7/rest-assured-common-3.0.7.jar:/root/.m2/repository/io/rest-assured/xml-path/3.0.7/xml-path-3.0.7.jar:/root/.m2/repository/org/apache/commons/commons-lang3/3.7/commons-lang3-3.7.jar:/root/.m2/repository/org/jboss/resteasy/resteasy-client/3.1.3.Final/resteasy-client-3.1.3.Final.jar:/root/.m2/repository/org/jboss/resteasy/resteasy-jaxrs/3.1.3.Final/resteasy-jaxrs-3.1.3.Final.jar:/root/.m2/repository/org/jboss/spec/javax/ws/rs/jboss-jaxrs-api_2.0_spec/1.0.1.Beta1/jboss-jaxrs-api_2.0_spec-1.0.1.Beta1.jar:/root/.m2/repository/org/jboss/spec/javax/annotation/jboss-annotations-api_1.2_spec/1.0.0.Final/jboss-annotations-api_1.2_spec-1.0.0.Final.jar:/root/.m2/repository/javax/activation/activation/1.1.1/activation-1.1.1.jar:/root/.m2/repository/commons-io/commons-io/2.5/commons-io-2.5.jar:/root/.m2/repository/net/jcip/jcip-annotations/1.0/jcip-annotations-1.0.jar:/root/.m2/repository/org/jboss/resteasy/resteasy-jaxrs-services/3.1.3.Final/resteasy-jaxrs-services-3.1.3.Final.jar:/root/.m2/repository/org/jboss/logging/jboss-logging/3.3.2.Final/jboss-logging-3.3.2.Final.jar:/root/.m2/repository/org/springframework/boot/spring-boot-starter-data-jpa/2.0.6.RELEASE/spring-boot-starter-data-jpa-2.0.6.RELEASE.jar:/root/.m2/repository/org/springframework/boot/spring-boot-starter-aop/2.0.6.RELEASE/spring-boot-starter-aop-2.0.6.RELEASE.jar:/root/.m2/repository/org/aspectj/aspectjweaver/1.8.13/aspectjweaver-1.8.13.jar:/root/.m2/repository/org/springframework/boot/spring-boot-starter-jdbc/2.0.6.RELEASE/spring-boot-starter-jdbc-2.0.6.RELEASE.jar:/root/.m2/repository/com/zaxxer/HikariCP/2.7.9/HikariCP-2.7.9.jar:/root/.m2/repository/org/springframework/spring-jdbc/5.0.10.RELEASE/spring-jdbc-5.0.10.RELEASE.jar:/root/.m2/repository/javax/transaction/javax.transaction-api/1.2/javax.transaction-api-1.2.jar:/root/.m2/repository/org/hibernate/hibernate-core/5.2.17.Final/hibernate-core-5.2.17.Final.jar:/root/.m2/repository/org/hibernate/javax/persistence/hibernate-jpa-2.1-api/1.0.2.Final/hibernate-jpa-2.1-api-1.0.2.Final.jar:/root/.m2/repository/org/javassist/javassist/3.22.0-GA/javassist-3.22.0-GA.jar:/root/.m2/repository/antlr/antlr/2.7.7/antlr-2.7.7.jar:/root/.m2/repository/org/jboss/jandex/2.0.3.Final/jandex-2.0.3.Final.jar:/root/.m2/repository/dom4j/dom4j/1.6.1/dom4j-1.6.1.jar:/root/.m2/repository/org/hibernate/common/hibernate-commons-annotations/5.0.1.Final/hibernate-commons-annotations-5.0.1.Final.jar:/root/.m2/repository/org/springframework/data/spring-data-jpa/2.0.11.RELEASE/spring-data-jpa-2.0.11.RELEASE.jar:/root/.m2/repository/org/springframework/data/spring-data-commons/2.0.11.RELEASE/spring-data-commons-2.0.11.RELEASE.jar:/root/.m2/repository/org/springframework/spring-orm/5.0.10.RELEASE/spring-orm-5.0.10.RELEASE.jar:/root/.m2/repository/org/springframework/spring-tx/5.0.10.RELEASE/spring-tx-5.0.10.RELEASE.jar:/root/.m2/repository/org/springframework/spring-aspects/5.0.10.RELEASE/spring-aspects-5.0.10.RELEASE.jar:/root/.m2/repository/org/springframework/boot/spring-boot-starter-amqp/2.0.6.RELEASE/spring-boot-starter-amqp-2.0.6.RELEASE.jar:/root/.m2/repository/org/springframework/spring-messaging/5.0.10.RELEASE/spring-messaging-5.0.10.RELEASE.jar:/root/.m2/repository/org/springframework/amqp/spring-rabbit/2.0.8.RELEASE/spring-rabbit-2.0.8.RELEASE.jar:/root/.m2/repository/org/springframework/amqp/spring-amqp/2.0.8.RELEASE/spring-amqp-2.0.8.RELEASE.jar:/root/.m2/repository/org/springframework/retry/spring-retry/1.2.2.RELEASE/spring-retry-1.2.2.RELEASE.jar:/root/.m2/repository/com/rabbitmq/amqp-client/5.4.3/amqp-client-5.4.3.jar:/root/.m2/repository/org/springframework/boot/spring-boot-starter-data-redis/2.0.6.RELEASE/spring-boot-starter-data-redis-2.0.6.RELEASE.jar:/root/.m2/repository/org/springframework/data/spring-data-redis/2.0.11.RELEASE/spring-data-redis-2.0.11.RELEASE.jar:/root/.m2/repository/org/springframework/data/spring-data-keyvalue/2.0.11.RELEASE/spring-data-keyvalue-2.0.11.RELEASE.jar:/root/.m2/repository/org/springframework/spring-oxm/5.0.10.RELEASE/spring-oxm-5.0.10.RELEASE.jar:/root/.m2/repository/org/springframework/spring-context-support/5.0.10.RELEASE/spring-context-support-5.0.10.RELEASE.jar:/root/.m2/repository/io/lettuce/lettuce-core/5.0.5.RELEASE/lettuce-core-5.0.5.RELEASE.jar:/root/.m2/repository/io/projectreactor/reactor-core/3.1.10.RELEASE/reactor-core-3.1.10.RELEASE.jar:/root/.m2/repository/io/netty/netty-common/4.1.29.Final/netty-common-4.1.29.Final.jar:/root/.m2/repository/io/netty/netty-transport/4.1.29.Final/netty-transport-4.1.29.Final.jar:/root/.m2/repository/io/netty/netty-buffer/4.1.29.Final/netty-buffer-4.1.29.Final.jar:/root/.m2/repository/io/netty/netty-resolver/4.1.29.Final/netty-resolver-4.1.29.Final.jar:/root/.m2/repository/io/netty/netty-handler/4.1.29.Final/netty-handler-4.1.29.Final.jar:/root/.m2/repository/io/netty/netty-codec/4.1.29.Final/netty-codec-4.1.29.Final.jar:/root/.m2/repository/org/springframework/boot/spring-boot-starter-hateoas/2.0.6.RELEASE/spring-boot-starter-hateoas-2.0.6.RELEASE.jar:/root/.m2/repository/org/springframework/hateoas/spring-hateoas/0.25.0.RELEASE/spring-hateoas-0.25.0.RELEASE.jar:/root/.m2/repository/org/springframework/boot/spring-boot-starter-websocket/2.0.6.RELEASE/spring-boot-starter-websocket-2.0.6.RELEASE.jar:/root/.m2/repository/org/springframework/spring-websocket/5.0.10.RELEASE/spring-websocket-5.0.10.RELEASE.jar:/root/.m2/repository/org/springframework/cloud/spring-cloud-starter-netflix-hystrix/2.0.1.RELEASE/spring-cloud-starter-netflix-hystrix-2.0.1.RELEASE.jar:/root/.m2/repository/org/springframework/cloud/spring-cloud-starter/2.0.0.RELEASE/spring-cloud-starter-2.0.0.RELEASE.jar:/root/.m2/repository/org/springframework/cloud/spring-cloud-context/2.0.0.RELEASE/spring-cloud-context-2.0.0.RELEASE.jar:/root/.m2/repository/org/springframework/security/spring-security-crypto/5.0.9.RELEASE/spring-security-crypto-5.0.9.RELEASE.jar:/root/.m2/repository/org/springframework/cloud/spring-cloud-commons/2.0.0.RELEASE/spring-cloud-commons-2.0.0.RELEASE.jar:/root/.m2/repository/org/springframework/security/spring-security-rsa/1.0.5.RELEASE/spring-security-rsa-1.0.5.RELEASE.jar:/root/.m2/repository/org/bouncycastle/bcpkix-jdk15on/1.56/bcpkix-jdk15on-1.56.jar:/root/.m2/repository/org/bouncycastle/bcprov-jdk15on/1.56/bcprov-jdk15on-1.56.jar:/root/.m2/repository/org/springframework/cloud/spring-cloud-netflix-core/2.0.0.RELEASE/spring-cloud-netflix-core-2.0.0.RELEASE.jar:/root/.m2/repository/org/springframework/cloud/spring-cloud-netflix-ribbon/2.0.0.RELEASE/spring-cloud-netflix-ribbon-2.0.0.RELEASE.jar:/root/.m2/repository/org/springframework/cloud/spring-cloud-netflix-archaius/2.0.0.RELEASE/spring-cloud-netflix-archaius-2.0.0.RELEASE.jar:/root/.m2/repository/org/springframework/cloud/spring-cloud-starter-netflix-archaius/2.0.0.RELEASE/spring-cloud-starter-netflix-archaius-2.0.0.RELEASE.jar:/root/.m2/repository/com/netflix/archaius/archaius-core/0.7.6/archaius-core-0.7.6.jar:/root/.m2/repository/com/google/code/findbugs/jsr305/3.0.1/jsr305-3.0.1.jar:/root/.m2/repository/commons-configuration/commons-configuration/1.8/commons-configuration-1.8.jar:/root/.m2/repository/commons-lang/commons-lang/2.6/commons-lang-2.6.jar:/root/.m2/repository/com/netflix/hystrix/hystrix-core/1.5.12/hystrix-core-1.5.12.jar:/root/.m2/repository/io/reactivex/rxjava/1.3.8/rxjava-1.3.8.jar:/root/.m2/repository/com/netflix/hystrix/hystrix-serialization/1.5.12/hystrix-serialization-1.5.12.jar:/root/.m2/repository/com/fasterxml/jackson/module/jackson-module-afterburner/2.9.7/jackson-module-afterburner-2.9.7.jar:/root/.m2/repository/com/netflix/hystrix/hystrix-metrics-event-stream/1.5.12/hystrix-metrics-event-stream-1.5.12.jar:/root/.m2/repository/com/netflix/hystrix/hystrix-javanica/1.5.12/hystrix-javanica-1.5.12.jar:/root/.m2/repository/org/ow2/asm/asm/5.0.4/asm-5.0.4.jar:/root/.m2/repository/io/reactivex/rxjava-reactive-streams/1.2.1/rxjava-reactive-streams-1.2.1.jar:/root/.m2/repository/org/reactivestreams/reactive-streams/1.0.2/reactive-streams-1.0.2.jar:/root/.m2/repository/org/springframework/boot/spring-boot-devtools/2.0.6.RELEASE/spring-boot-devtools-2.0.6.RELEASE.jar:/root/.m2/repository/org/springframework/boot/spring-boot/2.0.6.RELEASE/spring-boot-2.0.6.RELEASE.jar:/root/.m2/repository/org/springframework/boot/spring-boot-autoconfigure/2.0.6.RELEASE/spring-boot-autoconfigure-2.0.6.RELEASE.jar:/root/.m2/repository/com/h2database/h2/1.4.197/h2-1.4.197.jar:/root/.m2/repository/org/postgresql/postgresql/42.2.5/postgresql-42.2.5.jar:"/>
    <property name="sun.cpu.endian" value="little"/>
    <property name="user.home" value="/root"/>
    <property name="user.language" value="en"/>
    <property name="java.specification.vendor" value="Oracle Corporation"/>
    <property name="java.home" value="/usr/lib/jvm/java-8-openjdk-amd64/jre"/>
    <property name="idea.plugins.compatible.build" value="181.1"/>
    <property name="basedir" value="/home/kleppa/dev/enterprise/PG6100-exam/backend/chat"/>
    <property name="file.separator" value="/"/>
    <property name="line.separator" value="&#10;"/>
    <property name="java.vm.specification.vendor" value="Oracle Corporation"/>
    <property name="java.specification.name" value="Java Platform API Specification"/>
    <property name="java.awt.graphicsenv" value="sun.awt.X11GraphicsEnvironment"/>
    <property name="sun.boot.class.path" value="/usr/lib/jvm/java-8-openjdk-amd64/jre/lib/resources.jar:/usr/lib/jvm/java-8-openjdk-amd64/jre/lib/rt.jar:/usr/lib/jvm/java-8-openjdk-amd64/jre/lib/sunrsasign.jar:/usr/lib/jvm/java-8-openjdk-amd64/jre/lib/jsse.jar:/usr/lib/jvm/java-8-openjdk-amd64/jre/lib/jce.jar:/usr/lib/jvm/java-8-openjdk-amd64/jre/lib/charsets.jar:/usr/lib/jvm/java-8-openjdk-amd64/jre/lib/jfr.jar:/usr/lib/jvm/java-8-openjdk-amd64/jre/classes"/>
    <property name="sun.management.compiler" value="HotSpot 64-Bit Tiered Compilers"/>
    <property name="java.runtime.version" value="1.8.0_181-8u181-b13-2~deb9u1-b13"/>
    <property name="user.name" value="root"/>
    <property name="path.separator" value=":"/>
    <property name="securerandom.source" value="file:/dev/./urandom"/>
    <property name="os.version" value="4.15.0-39-generic"/>
    <property name="java.endorsed.dirs" value="/usr/lib/jvm/java-8-openjdk-amd64/jre/lib/endorsed"/>
    <property name="java.runtime.name" value="OpenJDK Runtime Environment"/>
    <property name="file.encoding" value="UTF-8"/>
    <property name="guice.disable.misplaced.annotation.check" value="true"/>
    <property name="jnidispatch.path" value="/tmp/jna-3506402/jna1964224023209161641.tmp"/>
    <property name="jna.platform.library.path" value="/usr/lib/x86_64-linux-gnu:/lib/x86_64-linux-gnu:/lib64:/usr/lib:/lib"/>
    <property name="java.vm.name" value="OpenJDK 64-Bit Server VM"/>
    <property name="localRepository" value="/root/.m2/repository"/>
    <property name="jna.loaded" value="true"/>
    <property name="java.vendor.url.bug" value="http://bugreport.sun.com/bugreport/"/>
    <property name="java.io.tmpdir" value="/tmp"/>
    <property name="java.version" value="1.8.0_181"/>
    <property name="user.dir" value="/home/kleppa/dev/enterprise/PG6100-exam/backend/chat"/>
    <property name="os.arch" value="amd64"/>
    <property name="maven.multiModuleProjectDirectory" value="/home/kleppa/dev/enterprise/PG6100-exam/backend"/>
    <property name="java.vm.specification.name" value="Java Virtual Machine Specification"/>
    <property name="java.awt.printerjob" value="sun.print.PSPrinterJob"/>
    <property name="sun.os.patch.level" value="unknown"/>
    <property name="org.slf4j.simpleLogger.defaultLogLevel" value="debug"/>
    <property name="java.library.path" value="/usr/java/packages/lib/amd64:/usr/lib/x86_64-linux-gnu/jni:/lib/x86_64-linux-gnu:/usr/lib/x86_64-linux-gnu:/usr/lib/jni:/lib:/usr/lib"/>
    <property name="java.vm.info" value="mixed mode"/>
    <property name="java.vendor" value="Oracle Corporation"/>
    <property name="java.vm.version" value="25.181-b13"/>
    <property name="classworlds.conf" value="/usr/share/maven/bin/m2.conf"/>
    <property name="java.ext.dirs" value="/usr/lib/jvm/java-8-openjdk-amd64/jre/lib/ext:/usr/java/packages/lib/ext"/>
    <property name="sun.io.unicode.encoding" value="UnicodeLittle"/>
    <property name="library.jansi.path" value="/usr/share/maven/lib/jansi-native"/>
    <property name="java.class.version" value="52.0"/>
  </properties>
  <testcase name="testFanout" classname="org.bjh.WorkerDockerTest" time="0.442"/>
</testsuite>